[debug] [2022-12-09T09:28:00.961Z] ----------------------------------------------------------------------
[debug] [2022-12-09T09:28:00.964Z] Command:       C:\Program Files\nodejs\node.exe C:\Program Files\nodejs\node_modules\firebase-tools\lib\bin\firebase.js init
[debug] [2022-12-09T09:28:00.964Z] CLI Version:   11.16.1
[debug] [2022-12-09T09:28:00.965Z] Platform:      win32
[debug] [2022-12-09T09:28:00.965Z] Node Version:  v18.10.0
[debug] [2022-12-09T09:28:00.966Z] Time:          Fri Dec 09 2022 14:58:00 GMT+0530 (India Standard Time)
[debug] [2022-12-09T09:28:00.966Z] ----------------------------------------------------------------------
[debug] 
[debug] [2022-12-09T09:28:00.981Z] >>> [apiv2][query] GET https://firebase-public.firebaseio.com/cli.json [none]
[debug] [2022-12-09T09:28:01.213Z] > command requires scopes: ["email","openid","https://www.googleapis.com/auth/cloudplatformprojects.readonly","https://www.googleapis.com/auth/firebase","https://www.googleapis.com/auth/cloud-platform"]
[debug] [2022-12-09T09:28:01.213Z] > authorizing via signed-in user (rsoni2843@gmail.com)
[info] 
     ######## #### ########  ######## ########     ###     ######  ########
     ##        ##  ##     ## ##       ##     ##  ##   ##  ##       ##
     ######    ##  ########  ######   ########  #########  ######  ######
     ##        ##  ##    ##  ##       ##     ## ##     ##       ## ##
     ##       #### ##     ## ######## ########  ##     ##  ######  ########

You're about to initialize a Firebase project in this directory:

  D:\Desktop\Files\Netmeds\brief-battle-8574\Frontend

Before we get started, keep in mind:

  * You are initializing within an existing Firebase project directory

[debug] [2022-12-09T09:28:01.912Z] <<< [apiv2][status] GET https://firebase-public.firebaseio.com/cli.json 200
[debug] [2022-12-09T09:28:01.912Z] <<< [apiv2][body] GET https://firebase-public.firebaseio.com/cli.json {"cloudBuildErrorAfter":1594252800000,"cloudBuildWarnAfter":1590019200000,"defaultNode10After":1594252800000,"minVersion":"3.0.5","node8DeploysDisabledAfter":1613390400000,"node8RuntimeDisabledAfter":1615809600000,"node8WarnAfter":1600128000000}
